<?xml version="1.0" encoding="utf-8"?><testsuites name="pytest tests"><testsuite name="pytest" errors="0" failures="4" skipped="0" tests="46" time="119.167" timestamp="2026-03-22T11:36:51.518705+00:00" hostname="agent-env-3f11c33f-2d69-4074-a600-9362d249675e"><testcase classname="backend.tests.test_community_api.TestAdminCommunityManagement" name="test_admin_create_community" time="0.447" /><testcase classname="backend.tests.test_community_api.TestAdminCommunityManagement" name="test_admin_create_community_duplicate_code" time="0.517" /><testcase classname="backend.tests.test_community_api.TestAdminCommunityManagement" name="test_admin_list_communities" time="0.479" /><testcase classname="backend.tests.test_community_api.TestAdminCommunityManagement" name="test_admin_update_community_code" time="0.508" /><testcase classname="backend.tests.test_community_api.TestAdminCommunityManagement" name="test_admin_get_community_requests" time="0.400" /><testcase classname="backend.tests.test_community_api.TestAdminCommunityManagement" name="test_admin_get_join_requests" time="0.561" /><testcase classname="backend.tests.test_community_api.TestAdminCommunityManagement" name="test_admin_export_community_data" time="0.549" /><testcase classname="backend.tests.test_community_api.TestUserCommunityOperations" name="test_join_community_with_code" time="0.606" /><testcase classname="backend.tests.test_community_api.TestUserCommunityOperations" name="test_join_community_already_member_same" time="0.697" /><testcase classname="backend.tests.test_community_api.TestUserCommunityOperations" name="test_join_community_already_member_different" time="0.833" /><testcase classname="backend.tests.test_community_api.TestUserCommunityOperations" name="test_switch_community" time="0.812" /><testcase classname="backend.tests.test_community_api.TestUserCommunityOperations" name="test_leave_community" time="0.824" /><testcase classname="backend.tests.test_community_api.TestUserCommunityOperations" name="test_leave_community_not_member" time="0.598" /><testcase classname="backend.tests.test_community_api.TestCommunityListing" name="test_list_communities" time="0.468" /><testcase classname="backend.tests.test_community_api.TestCommunityListing" name="test_list_communities_with_search" time="0.425" /><testcase classname="backend.tests.test_community_api.TestCommunityListing" name="test_get_my_community" time="0.406" /><testcase classname="backend.tests.test_community_api.TestCommunityListing" name="test_get_specific_community" time="0.548" /><testcase classname="backend.tests.test_community_api.TestCommunityListing" name="test_get_nonexistent_community" time="0.424" /><testcase classname="backend.tests.test_community_api.TestCommunityRequests" name="test_submit_community_request" time="0.436" /><testcase classname="backend.tests.test_community_api.TestCommunityRequests" name="test_request_join_community" time="0.650" /><testcase classname="backend.tests.test_community_api.TestLocalFriktPosting" name="test_create_local_frikt_with_community" time="0.729"><failure message="AssertionError: Create local frikt failed: {&quot;detail&quot;:&quot;Maximum 10 Frikts per day allowed&quot;}&#10;assert 429 == 200&#10; +  where 429 = &lt;Response [429]&gt;.status_code">backend/tests/test_community_api.py:561: in test_create_local_frikt_with_community
    assert response.status_code == 200, f"Create local frikt failed: {response.text}"
E   AssertionError: Create local frikt failed: {"detail":"Maximum 10 Frikts per day allowed"}
E   assert 429 == 200
E    +  where 429 = &lt;Response [429]&gt;.status_code</failure></testcase><testcase classname="backend.tests.test_community_api.TestLocalFriktPosting" name="test_create_local_frikt_without_community" time="0.802"><failure message="AssertionError: Expected 403, got 429: {&quot;detail&quot;:&quot;Maximum 10 Frikts per day allowed&quot;}&#10;assert 429 == 403&#10; +  where 429 = &lt;Response [429]&gt;.status_code">backend/tests/test_community_api.py:582: in test_create_local_frikt_without_community
    assert response.status_code == 403, f"Expected 403, got {response.status_code}: {response.text}"
E   AssertionError: Expected 403, got 429: {"detail":"Maximum 10 Frikts per day allowed"}
E   assert 429 == 403
E    +  where 429 = &lt;Response [429]&gt;.status_code</failure></testcase><testcase classname="backend.tests.test_community_api.TestLocalFriktPosting" name="test_global_feed_excludes_local_frikts" time="0.784" /><testcase classname="backend.tests.test_community_api.TestLocalFriktPosting" name="test_local_feed_returns_community_frikts" time="0.841" /><testcase classname="backend.tests.test_community_api.TestLocalFriktPosting" name="test_local_feed_sort_by_new" time="1.771" /><testcase classname="backend.tests.test_community_api.TestLocalFriktPosting" name="test_local_feed_sort_by_top" time="0.725" /><testcase classname="backend.tests.test_community_api.TestLocalFriktPosting" name="test_local_feed_requires_community_id" time="0.689" /><testcase classname="backend.tests.test_community_api.TestLocalFriktRelate" name="test_relate_to_local_frikt_as_member" time="0.725"><failure message="assert 429 == 200&#10; +  where 429 = &lt;Response [429]&gt;.status_code">backend/tests/test_community_api.py:735: in test_relate_to_local_frikt_as_member
    assert create_resp.status_code == 200
E   assert 429 == 200
E    +  where 429 = &lt;Response [429]&gt;.status_code</failure></testcase><testcase classname="backend.tests.test_community_api.TestSimilarProblems" name="test_similar_problems_global" time="0.413" /><testcase classname="backend.tests.test_community_api.TestSimilarProblems" name="test_similar_problems_local_context" time="0.554" /><testcase classname="backend.tests.test_community_api.TestAdminJoinRequestUpdate" name="test_update_join_request_status" time="48.090" /><testcase classname="backend.tests.test_community_api.TestInvalidCodeHandling" name="test_join_with_invalid_code" time="20.191" /><testcase classname="backend.tests.test_community_api.TestInvalidCodeHandling" name="test_switch_with_invalid_code" time="0.424" /><testcase classname="backend.tests.test_community_detail_api.TestAdminCommunitiesDetailedResponse" name="test_admin_communities_returns_pending_join_requests_count" time="0.492" /><testcase classname="backend.tests.test_community_detail_api.TestCommunityDetailResponse" name="test_community_detail_returns_is_member_flag" time="0.886" /><testcase classname="backend.tests.test_community_detail_api.TestCommunityDetailResponse" name="test_community_detail_returns_has_pending_request_flag" time="0.589" /><testcase classname="backend.tests.test_community_detail_api.TestCommunityDetailResponse" name="test_community_detail_returns_all_stats" time="4.708" /><testcase classname="backend.tests.test_community_detail_api.TestIsLocalFieldInProblems" name="test_global_feed_problems_have_is_local_field" time="0.440" /><testcase classname="backend.tests.test_community_detail_api.TestIsLocalFieldInProblems" name="test_local_feed_problems_have_is_local_true" time="0.522" /><testcase classname="backend.tests.test_community_detail_api.TestIsLocalFieldInProblems" name="test_create_local_frikt_returns_is_local_true" time="0.527"><failure message="AssertionError: Failed to create local frikt: {&quot;detail&quot;:&quot;Maximum 10 Frikts per day allowed&quot;}&#10;assert 429 == 200&#10; +  where 429 = &lt;Response [429]&gt;.status_code">backend/tests/test_community_detail_api.py:269: in test_create_local_frikt_returns_is_local_true
    assert response.status_code == 200, f"Failed to create local frikt: {response.text}"
E   AssertionError: Failed to create local frikt: {"detail":"Maximum 10 Frikts per day allowed"}
E   assert 429 == 200
E    +  where 429 = &lt;Response [429]&gt;.status_code</failure></testcase><testcase classname="backend.tests.test_community_detail_api.TestLocalFeedSorting" name="test_local_feed_sort_by_trending" time="19.918" /><testcase classname="backend.tests.test_community_detail_api.TestLocalFeedSorting" name="test_local_feed_sort_by_new" time="0.528" /><testcase classname="backend.tests.test_community_detail_api.TestLocalFeedSorting" name="test_local_feed_sort_by_top" time="0.520" /><testcase classname="backend.tests.test_community_detail_api.TestAdminExportEndpoint" name="test_export_community_data_all_period" time="0.616" /><testcase classname="backend.tests.test_community_detail_api.TestAdminExportEndpoint" name="test_export_community_data_7d_period" time="0.596" /><testcase classname="backend.tests.test_community_detail_api.TestRequestJoinCommunity" name="test_request_join_returns_success" time="0.766" /></testsuite></testsuites>