<?xml version="1.0" encoding="utf-8"?><testsuites name="pytest tests"><testsuite name="pytest" errors="0" failures="0" skipped="0" tests="13" time="7.215" timestamp="2026-03-22T11:36:40.780130+00:00" hostname="agent-env-3f11c33f-2d69-4074-a600-9362d249675e"><testcase classname="backend.tests.test_community_detail_api.TestAdminCommunitiesDetailedResponse" name="test_admin_communities_returns_pending_join_requests_count" time="0.547" /><testcase classname="backend.tests.test_community_detail_api.TestCommunityDetailResponse" name="test_community_detail_returns_is_member_flag" time="0.633" /><testcase classname="backend.tests.test_community_detail_api.TestCommunityDetailResponse" name="test_community_detail_returns_has_pending_request_flag" time="0.533" /><testcase classname="backend.tests.test_community_detail_api.TestCommunityDetailResponse" name="test_community_detail_returns_all_stats" time="0.540" /><testcase classname="backend.tests.test_community_detail_api.TestIsLocalFieldInProblems" name="test_global_feed_problems_have_is_local_field" time="0.432" /><testcase classname="backend.tests.test_community_detail_api.TestIsLocalFieldInProblems" name="test_local_feed_problems_have_is_local_true" time="0.503" /><testcase classname="backend.tests.test_community_detail_api.TestIsLocalFieldInProblems" name="test_create_local_frikt_returns_is_local_true" time="0.641" /><testcase classname="backend.tests.test_community_detail_api.TestLocalFeedSorting" name="test_local_feed_sort_by_trending" time="0.501" /><testcase classname="backend.tests.test_community_detail_api.TestLocalFeedSorting" name="test_local_feed_sort_by_new" time="0.495" /><testcase classname="backend.tests.test_community_detail_api.TestLocalFeedSorting" name="test_local_feed_sort_by_top" time="0.520" /><testcase classname="backend.tests.test_community_detail_api.TestAdminExportEndpoint" name="test_export_community_data_all_period" time="0.575" /><testcase classname="backend.tests.test_community_detail_api.TestAdminExportEndpoint" name="test_export_community_data_7d_period" time="0.564" /><testcase classname="backend.tests.test_community_detail_api.TestRequestJoinCommunity" name="test_request_join_returns_success" time="0.653" /></testsuite></testsuites>