<?xml version="1.0" encoding="utf-8"?><testsuites name="pytest tests"><testsuite name="pytest" errors="0" failures="0" skipped="0" tests="19" time="8.322" timestamp="2026-03-30T10:37:44.694073+00:00" hostname="agent-env-96bb55d3-ac6f-4a9f-9e0b-a491aa89ee08"><testcase classname="backend.tests.test_frikt_api_iteration9.TestHealthEndpoint" name="test_health_returns_healthy_status" time="0.120" /><testcase classname="backend.tests.test_frikt_api_iteration9.TestCategoriesEndpoint" name="test_get_categories_returns_list" time="0.105" /><testcase classname="backend.tests.test_frikt_api_iteration9.TestAuthEndpoints" name="test_register_returns_token_and_user" time="0.366" /><testcase classname="backend.tests.test_frikt_api_iteration9.TestAuthEndpoints" name="test_register_duplicate_email_fails" time="0.443" /><testcase classname="backend.tests.test_frikt_api_iteration9.TestAuthEndpoints" name="test_login_returns_token_and_user" time="0.640" /><testcase classname="backend.tests.test_frikt_api_iteration9.TestAuthEndpoints" name="test_login_invalid_credentials_fails" time="0.099" /><testcase classname="backend.tests.test_frikt_api_iteration9.TestAuthEndpoints" name="test_admin_login_returns_admin_role" time="0.319" /><testcase classname="backend.tests.test_frikt_api_iteration9.TestAuthMeEndpoint" name="test_auth_me_returns_user_profile" time="0.418" /><testcase classname="backend.tests.test_frikt_api_iteration9.TestAuthMeEndpoint" name="test_auth_me_without_token_fails" time="0.106" /><testcase classname="backend.tests.test_frikt_api_iteration9.TestCategoryFollowEndpoints" name="test_follow_category_adds_to_followed_categories" time="0.593" /><testcase classname="backend.tests.test_frikt_api_iteration9.TestCategoryFollowEndpoints" name="test_unfollow_category_removes_from_followed_categories" time="0.764" /><testcase classname="backend.tests.test_frikt_api_iteration9.TestCategoryFollowEndpoints" name="test_follow_category_without_auth_fails" time="0.126" /><testcase classname="backend.tests.test_frikt_api_iteration9.TestCategoryFollowEndpoints" name="test_unfollow_category_without_auth_fails" time="0.098" /><testcase classname="backend.tests.test_frikt_api_iteration9.TestAdminCommunityMembersEndpoint" name="test_admin_get_community_members_returns_list" time="0.538" /><testcase classname="backend.tests.test_frikt_api_iteration9.TestAdminCommunityMembersEndpoint" name="test_admin_get_community_members_with_search" time="0.561" /><testcase classname="backend.tests.test_frikt_api_iteration9.TestAdminCommunityMembersEndpoint" name="test_admin_get_community_members_without_auth_fails" time="0.539" /><testcase classname="backend.tests.test_frikt_api_iteration9.TestAdminCommunityMembersEndpoint" name="test_admin_get_community_members_as_regular_user_fails" time="0.886" /><testcase classname="backend.tests.test_frikt_api_iteration9.TestCategoryFollowPersistence" name="test_follow_multiple_categories_and_verify" time="0.770" /><testcase classname="backend.tests.test_frikt_api_iteration9.TestCategoryFollowPersistence" name="test_unfollow_one_category_keeps_others" time="0.738" /></testsuite></testsuites>