<?xml version="1.0" encoding="utf-8"?><testsuites name="pytest tests"><testsuite name="pytest" errors="0" failures="0" skipped="0" tests="14" time="6.804" timestamp="2026-03-31T18:48:18.621489+00:00" hostname="agent-env-344487a3-0336-4c27-86c3-006bc7b92728"><testcase classname="backend.tests.test_cleanup_fixes.TestCleanupFixes" name="test_fix14_auth_me_no_streak_days" time="0.417" /><testcase classname="backend.tests.test_cleanup_fixes.TestCleanupFixes" name="test_fix14_user_stats_has_streak_days" time="0.411" /><testcase classname="backend.tests.test_cleanup_fixes.TestCleanupFixes" name="test_fix15_auth_me_no_rocket10_completed" time="0.415" /><testcase classname="backend.tests.test_cleanup_fixes.TestCleanupFixes" name="test_fix15_login_response_no_dead_fields" time="0.332" /><testcase classname="backend.tests.test_cleanup_fixes.TestCleanupFixes" name="test_fix15_problem_response_no_willing_to_pay" time="0.453" /><testcase classname="backend.tests.test_cleanup_fixes.TestCleanupFixes" name="test_fix16_auth_me_has_onboarding_completed" time="1.010" /><testcase classname="backend.tests.test_cleanup_fixes.TestCleanupFixes" name="test_fix16_profile_update_onboarding_only" time="0.555" /><testcase classname="backend.tests.test_cleanup_fixes.TestCleanupFixes" name="test_fix18_search_finds_by_title" time="0.579" /><testcase classname="backend.tests.test_cleanup_fixes.TestCleanupFixes" name="test_fix18_search_does_not_match_when_happens" time="0.541" /><testcase classname="backend.tests.test_cleanup_fixes.TestCleanupFixes" name="test_fix18_search_does_not_match_who_affected" time="0.549" /><testcase classname="backend.tests.test_cleanup_fixes.TestCleanupFixes" name="test_regression_login_returns_valid_token" time="0.350" /><testcase classname="backend.tests.test_cleanup_fixes.TestCleanupFixes" name="test_regression_profile_update_displayname" time="0.539" /><testcase classname="backend.tests.test_cleanup_fixes.TestCleanupFixes" name="test_regression_create_problem" time="0.488" /><testcase classname="backend.tests.test_cleanup_fixes.TestCleanupFixes" name="test_health_check" time="0.110" /></testsuite></testsuites>