<?xml version="1.0" encoding="utf-8"?><testsuites name="pytest tests"><testsuite name="pytest" errors="0" failures="0" skipped="0" tests="12" time="5.628" timestamp="2026-04-02T21:18:40.508471+00:00" hostname="agent-env-344487a3-0336-4c27-86c3-006bc7b92728"><testcase classname="backend.tests.test_cloudinary_avatar.TestUserAvatarBase64Cloudinary" name="test_upload_base64_returns_cloudinary_url" time="1.303" /><testcase classname="backend.tests.test_cloudinary_avatar.TestUserAvatarBase64Cloudinary" name="test_user_avatar_url_persisted_in_profile" time="0.104" /><testcase classname="backend.tests.test_cloudinary_avatar.TestUserAvatarMultipartCloudinary" name="test_upload_multipart_returns_cloudinary_url" time="1.622" /><testcase classname="backend.tests.test_cloudinary_avatar.TestCommunityAvatarCloudinary" name="test_admin_upload_community_avatar_cloudinary" time="0.977" /><testcase classname="backend.tests.test_cloudinary_avatar.TestCommunityAvatarCloudinary" name="test_non_admin_cannot_upload_community_avatar" time="0.116" /><testcase classname="backend.tests.test_cloudinary_avatar.TestCommunityAvatarCloudinary" name="test_unauthenticated_cannot_upload_community_avatar" time="0.120" /><testcase classname="backend.tests.test_cloudinary_avatar.TestAvatarPropagation" name="test_avatar_propagates_to_problems" time="0.226" /><testcase classname="backend.tests.test_cloudinary_avatar.TestOldUrlsFallback" name="test_uploads_static_mount_exists" time="0.121" /><testcase classname="backend.tests.test_cloudinary_avatar.TestRegressionEndpoints" name="test_login_works" time="0.354" /><testcase classname="backend.tests.test_cloudinary_avatar.TestRegressionEndpoints" name="test_get_auth_me_works" time="0.146" /><testcase classname="backend.tests.test_cloudinary_avatar.TestRegressionEndpoints" name="test_get_problems_works" time="0.204" /><testcase classname="backend.tests.test_cloudinary_avatar.TestRegressionEndpoints" name="test_update_profile_works" time="0.271" /></testsuite></testsuites>