<?xml version="1.0" encoding="utf-8"?><testsuites name="pytest tests"><testsuite name="pytest" errors="0" failures="0" skipped="0" tests="17" time="12.020" timestamp="2026-03-31T12:38:18.259991+00:00" hostname="agent-env-96bb55d3-ac6f-4a9f-9e0b-a491aa89ee08"><testcase classname="backend.tests.test_data_integrity_fixes.TestHealthAndAuth" name="test_health_check" time="0.142" /><testcase classname="backend.tests.test_data_integrity_fixes.TestHealthAndAuth" name="test_auth_login_admin" time="0.357" /><testcase classname="backend.tests.test_data_integrity_fixes.TestHealthAndAuth" name="test_auth_register_new_user" time="0.338" /><testcase classname="backend.tests.test_data_integrity_fixes.TestFix6AvatarPropagation" name="test_avatar_propagation_to_problems" time="0.682" /><testcase classname="backend.tests.test_data_integrity_fixes.TestFix8CommunityCodeNormalization" name="test_community_code_uppercase_normalization" time="0.437" /><testcase classname="backend.tests.test_data_integrity_fixes.TestFix8CommunityCodeNormalization" name="test_join_community_with_lowercase_code" time="0.906" /><testcase classname="backend.tests.test_data_integrity_fixes.TestFix10BidirectionalBlocking" name="test_blocker_cannot_relate_to_blocked_user_frikt" time="1.135" /><testcase classname="backend.tests.test_data_integrity_fixes.TestFix10BidirectionalBlocking" name="test_blocker_cannot_comment_on_blocked_user_frikt" time="1.083" /><testcase classname="backend.tests.test_data_integrity_fixes.TestFix10BidirectionalBlocking" name="test_blocker_cannot_follow_blocked_user" time="1.111" /><testcase classname="backend.tests.test_data_integrity_fixes.TestFix10BidirectionalBlocking" name="test_blocked_user_cannot_relate_to_blocker_frikt" time="1.108" /><testcase classname="backend.tests.test_data_integrity_fixes.TestFix10BidirectionalBlocking" name="test_blocked_user_cannot_comment_on_blocker_frikt" time="1.093" /><testcase classname="backend.tests.test_data_integrity_fixes.TestFix10BidirectionalBlocking" name="test_blocked_user_cannot_follow_blocker" time="1.076" /><testcase classname="backend.tests.test_data_integrity_fixes.TestFix12SyncProblemStats" name="test_sync_problem_stats_admin_success" time="0.562" /><testcase classname="backend.tests.test_data_integrity_fixes.TestFix12SyncProblemStats" name="test_sync_problem_stats_non_admin_403" time="0.443" /><testcase classname="backend.tests.test_data_integrity_fixes.TestMongoDBIndexes" name="test_community_members_unique_user_id" time="0.000" /><testcase classname="backend.tests.test_data_integrity_fixes.TestMongoDBIndexes" name="test_communities_unique_active_code" time="0.565" /><testcase classname="backend.tests.test_data_integrity_fixes.TestMongoDBIndexes" name="test_blocked_users_unique_compound_index" time="0.898" /></testsuite></testsuites>