<?xml version="1.0" encoding="utf-8"?><testsuites name="pytest tests"><testsuite name="pytest" errors="0" failures="0" skipped="0" tests="8" time="5.484" timestamp="2026-03-31T11:14:36.443529+00:00" hostname="agent-env-96bb55d3-ac6f-4a9f-9e0b-a491aa89ee08"><testcase classname="backend.tests.test_displayname_propagation.TestHealthAndAuth" name="test_health_check" time="0.182" /><testcase classname="backend.tests.test_displayname_propagation.TestHealthAndAuth" name="test_register_user" time="0.359" /><testcase classname="backend.tests.test_displayname_propagation.TestHealthAndAuth" name="test_login_user" time="0.663" /><testcase classname="backend.tests.test_displayname_propagation.TestDisplayNamePropagation" name="test_frikt_user_name_updated_after_displayname_change" time="0.875" /><testcase classname="backend.tests.test_displayname_propagation.TestDisplayNamePropagation" name="test_comment_user_name_updated_after_displayname_change" time="0.879" /><testcase classname="backend.tests.test_displayname_propagation.TestReplyToUserNamePropagation" name="test_reply_to_user_name_updated_after_displayname_change" time="1.265" /><testcase classname="backend.tests.test_displayname_propagation.TestNewCommentsUseDisplayName" name="test_new_comment_uses_displayname_not_registration_name" time="0.634" /><testcase classname="backend.tests.test_displayname_propagation.TestFeedbackUserNamePropagation" name="test_feedback_user_name_updated_after_displayname_change" time="0.559" /></testsuite></testsuites>