<?xml version="1.0" encoding="utf-8"?><testsuites name="pytest tests"><testsuite name="pytest" errors="0" failures="0" skipped="0" tests="11" time="6.405" timestamp="2026-03-07T23:25:02.654051+00:00" hostname="agent-env-04790e23-e4a4-4906-a1e7-8ebd0a893170"><testcase classname="backend.tests.test_bug_fixes.TestTimestampFormat" name="test_problem_created_at_is_utc" time="0.457" /><testcase classname="backend.tests.test_bug_fixes.TestTimestampFormat" name="test_comment_created_at_is_utc" time="0.448" /><testcase classname="backend.tests.test_bug_fixes.TestUsernameUpdates" name="test_problems_returns_fresh_username" time="0.503" /><testcase classname="backend.tests.test_bug_fixes.TestUsernameUpdates" name="test_comments_returns_fresh_username" time="0.561" /><testcase classname="backend.tests.test_bug_fixes.TestCommentEditDelete" name="test_edit_own_comment_success" time="0.505" /><testcase classname="backend.tests.test_bug_fixes.TestCommentEditDelete" name="test_delete_own_comment_success" time="0.677" /><testcase classname="backend.tests.test_bug_fixes.TestCommentEditDelete" name="test_cannot_edit_others_comment" time="0.789" /><testcase classname="backend.tests.test_bug_fixes.TestCommentEditDelete" name="test_cannot_delete_others_comment" time="0.838" /><testcase classname="backend.tests.test_bug_fixes.TestCommentEditDelete" name="test_edit_nonexistent_comment" time="0.387" /><testcase classname="backend.tests.test_bug_fixes.TestCommentEditDelete" name="test_delete_nonexistent_comment" time="0.428" /><testcase classname="backend.tests.test_bug_fixes.TestEndToEndCommentFlow" name="test_complete_comment_lifecycle" time="0.717" /></testsuite></testsuites>