<?xml version="1.0" encoding="utf-8"?><testsuites name="pytest tests"><testsuite name="pytest" errors="0" failures="0" skipped="0" tests="21" time="33.446" timestamp="2026-03-07T23:04:22.848320+00:00" hostname="agent-env-04790e23-e4a4-4906-a1e7-8ebd0a893170"><testcase classname="backend.tests.test_gamification_badges.TestBadgeDefinitions" name="test_get_badge_definitions_returns_45_badges" time="0.122" /><testcase classname="backend.tests.test_gamification_badges.TestBadgeDefinitions" name="test_badge_definitions_structure" time="0.119" /><testcase classname="backend.tests.test_gamification_badges.TestBadgeDefinitions" name="test_badge_categories_count" time="0.102" /><testcase classname="backend.tests.test_gamification_badges.TestBadgeDefinitions" name="test_hidden_badges_marked_correctly" time="0.122" /><testcase classname="backend.tests.test_gamification_badges.TestUserBadgeStatus" name="test_get_my_badges_requires_auth" time="0.122" /><testcase classname="backend.tests.test_gamification_badges.TestUserBadgeStatus" name="test_new_user_has_special_date_badges" time="0.538" /><testcase classname="backend.tests.test_gamification_badges.TestUserBadgeStatus" name="test_badge_progress_shown_for_controllable_badges" time="0.571" /><testcase classname="backend.tests.test_gamification_badges.TestUserBadgeStatus" name="test_hidden_badges_not_in_locked_list" time="0.461" /><testcase classname="backend.tests.test_gamification_badges.TestVisitStreak" name="test_track_visit_increments_streak" time="0.465" /><testcase classname="backend.tests.test_gamification_badges.TestVisitStreak" name="test_second_visit_same_day_no_change" time="0.576" /><testcase classname="backend.tests.test_gamification_badges.TestVisitStreak" name="test_visit_returns_newly_awarded_badges" time="0.431" /><testcase classname="backend.tests.test_gamification_badges.TestCreatorBadges" name="test_first_post_awards_creator_badge" time="0.545" /><testcase classname="backend.tests.test_gamification_badges.TestCreatorBadges" name="test_post_awards_category_badge" time="0.564" /><testcase classname="backend.tests.test_gamification_badges.TestRelaterBadges" name="test_first_relate_awards_relater_badge" time="1.041" /><testcase classname="backend.tests.test_gamification_badges.TestRelaterBadges" name="test_self_relate_prevented" time="0.901" /><testcase classname="backend.tests.test_gamification_badges.TestCommenterBadges" name="test_first_comment_awards_commenter_badge" time="0.675" /><testcase classname="backend.tests.test_gamification_badges.TestExplorerBadges" name="test_viewing_problems_awards_explorer_badge" time="1.576" /><testcase classname="backend.tests.test_gamification_badges.TestFollowUserBadge" name="test_following_5_users_awards_nosey_neighbor" time="22.247" /><testcase classname="backend.tests.test_gamification_badges.TestCategoryBadges" name="test_posting_in_different_categories" time="0.865" /><testcase classname="backend.tests.test_gamification_badges.TestCategoryBadges" name="test_category_badges_only_shown_when_posted" time="0.786" /><testcase classname="backend.tests.test_gamification_badges.TestGamificationStats" name="test_gamification_stats_returns_all_fields" time="0.553" /></testsuite></testsuites>