<?xml version="1.0" encoding="utf-8"?><testsuites name="pytest tests"><testsuite name="pytest" errors="0" failures="1" skipped="0" tests="34" time="88.247" timestamp="2026-03-23T08:26:56.083374+00:00" hostname="agent-env-f2262d4e-b868-4189-bec2-e4b7b0fd4385"><testcase classname="backend.tests.test_comprehensive_e2e.TestSearchFrikts" name="test_search_frikts_by_text" time="0.598" /><testcase classname="backend.tests.test_comprehensive_e2e.TestSearchFrikts" name="test_search_includes_local_frikts" time="0.447" /><testcase classname="backend.tests.test_comprehensive_e2e.TestSearchPeople" name="test_search_users" time="0.434" /><testcase classname="backend.tests.test_comprehensive_e2e.TestSearchCommunities" name="test_browse_all_communities" time="0.509" /><testcase classname="backend.tests.test_comprehensive_e2e.TestSearchCommunities" name="test_search_communities_by_name" time="0.456" /><testcase classname="backend.tests.test_comprehensive_e2e.TestJoinCommunityWithCode" name="test_join_community_with_invite_code" time="0.663" /><testcase classname="backend.tests.test_comprehensive_e2e.TestLocalFriktPosting" name="test_post_local_frikt" time="0.742" /><testcase classname="backend.tests.test_comprehensive_e2e.TestLocalFriktPosting" name="test_local_frikt_appears_in_local_feed" time="0.738" /><testcase classname="backend.tests.test_comprehensive_e2e.TestLocalFriktPosting" name="test_local_frikts_not_in_global_feed_new" time="0.767" /><testcase classname="backend.tests.test_comprehensive_e2e.TestLocalFriktPosting" name="test_local_frikts_not_in_global_feed_trending" time="0.738" /><testcase classname="backend.tests.test_comprehensive_e2e.TestLocalFriktPosting" name="test_local_frikts_not_in_global_feed_foryou" time="0.700" /><testcase classname="backend.tests.test_comprehensive_e2e.TestLocalFriktPosting" name="test_local_frikts_appear_in_search" time="0.720" /><testcase classname="backend.tests.test_comprehensive_e2e.TestSwitchCommunity" name="test_switch_community_returns_200" time="0.823" /><testcase classname="backend.tests.test_comprehensive_e2e.TestLeaveCommunity" name="test_leave_community" time="0.821" /><testcase classname="backend.tests.test_comprehensive_e2e.TestRequestJoinCommunity" name="test_request_join_community" time="0.660" /><testcase classname="backend.tests.test_comprehensive_e2e.TestRequestNewCommunity" name="test_request_new_community" time="0.523" /><testcase classname="backend.tests.test_comprehensive_e2e.TestAdminJoinRequests" name="test_admin_see_join_requests" time="0.565" /><testcase classname="backend.tests.test_comprehensive_e2e.TestAdminCommunityRequests" name="test_admin_see_community_requests" time="0.418" /><testcase classname="backend.tests.test_comprehensive_e2e.TestAdminCreateCommunity" name="test_admin_create_community" time="0.413" /><testcase classname="backend.tests.test_comprehensive_e2e.TestAdminChangeCode" name="test_admin_change_code" time="0.519" /><testcase classname="backend.tests.test_comprehensive_e2e.TestAdminExportData" name="test_admin_export_anonymous_format" time="0.553" /><testcase classname="backend.tests.test_comprehensive_e2e.TestCommentThreading" name="test_create_threaded_comment" time="0.667" /><testcase classname="backend.tests.test_comprehensive_e2e.TestCommentThreading" name="test_nested_replies_flattened" time="0.761" /><testcase classname="backend.tests.test_comprehensive_e2e.TestSoftDeleteComment" name="test_soft_delete_shows_deleted_placeholder" time="0.819" /><testcase classname="backend.tests.test_comprehensive_e2e.TestReplyToSoftDeletedComment" name="test_can_reply_to_removed_comment" time="0.658" /><testcase classname="backend.tests.test_comprehensive_e2e.TestRelateToFrikt" name="test_relate_to_frikt" time="0.511" /><testcase classname="backend.tests.test_comprehensive_e2e.TestHelpfulOnComment" name="test_mark_comment_helpful" time="0.644" /><testcase classname="backend.tests.test_comprehensive_e2e.TestFollowCategory" name="test_follow_category" time="0.431" /><testcase classname="backend.tests.test_comprehensive_e2e.TestFollowCategory" name="test_unfollow_category" time="0.422" /><testcase classname="backend.tests.test_comprehensive_e2e.TestCategories" name="test_get_categories_includes_local" time="0.411" /><testcase classname="backend.tests.test_comprehensive_e2e.TestUserProfile" name="test_get_user_profile" time="0.409" /><testcase classname="backend.tests.test_comprehensive_e2e.TestNotifications" name="test_get_notifications" time="0.433"><failure message="AssertionError: assert False&#10; +  where False = isinstance({'notifications': [{'created_at': '2026-03-08T00:11:29.118000', 'id': '9918ee9e-8c5d-4423-bcf7-46eff1c088e3', 'is_read': True, 'message': 'RelaterTest relates to your problem', ...}, {'created_at': '2026-02-14T21:09:06.967000', 'id': 'd1d8d873-93a7-4ad5-b226-41786a42d6f2', 'is_read': True, 'message': 'New feedback from Test Feedback User', ...}, {'created_at': '2026-02-14T20:08:46.750000', 'id': 'de9b0753-e8af-4dfe-b754-07c7dccd16eb', 'is_read': True, 'message': 'New feedback from Test Feedback User', ...}, {'created_at': '2026-02-14T20:08:39.524000', 'id': 'b7766fb8-6f1f-40e6-af6e-451981c88283', 'is_read': True, 'message': 'New feedback from Test Feedback User', ...}, {'created_at': '2026-02-14T20:08:11.734000', 'id': '635aac3b-c393-4a41-86d9-671831071209', 'is_read': True, 'message': 'New feedback from Test Feedback User', ...}, {'created_at': '2026-02-14T20:07:44.944000', 'id': '0e9255ab-2811-4a36-839f-9d33b9a3c113', 'is_read': True, 'message': 'New feedback from Test Feedback User', ...}], 'unread_count': 0}, list)">backend/tests/test_comprehensive_e2e.py:988: in test_get_notifications
    assert isinstance(data, list)
E   AssertionError: assert False
E    +  where False = isinstance({'notifications': [{'created_at': '2026-03-08T00:11:29.118000', 'id': '9918ee9e-8c5d-4423-bcf7-46eff1c088e3', 'is_read': True, 'message': 'RelaterTest relates to your problem', ...}, {'created_at': '2026-02-14T21:09:06.967000', 'id': 'd1d8d873-93a7-4ad5-b226-41786a42d6f2', 'is_read': True, 'message': 'New feedback from Test Feedback User', ...}, {'created_at': '2026-02-14T20:08:46.750000', 'id': 'de9b0753-e8af-4dfe-b754-07c7dccd16eb', 'is_read': True, 'message': 'New feedback from Test Feedback User', ...}, {'created_at': '2026-02-14T20:08:39.524000', 'id': 'b7766fb8-6f1f-40e6-af6e-451981c88283', 'is_read': True, 'message': 'New feedback from Test Feedback User', ...}, {'created_at': '2026-02-14T20:08:11.734000', 'id': '635aac3b-c393-4a41-86d9-671831071209', 'is_read': True, 'message': 'New feedback from Test Feedback User', ...}, {'created_at': '2026-02-14T20:07:44.944000', 'id': '0e9255ab-2811-4a36-839f-9d33b9a3c113', 'is_read': True, 'message': 'New feedback from Test Feedback User', ...}], 'unread_count': 0}, list)</failure></testcase><testcase classname="backend.tests.test_comprehensive_e2e.TestBadges" name="test_get_badge_definitions" time="0.420" /><testcase classname="backend.tests.test_comprehensive_e2e.TestMissionOfDay" name="test_get_mission" time="68.718" /></testsuite></testsuites>