<?xml version="1.0" encoding="utf-8"?><testsuites name="pytest tests"><testsuite name="pytest" errors="0" failures="0" skipped="1" tests="13" time="4.003" timestamp="2026-03-31T21:48:32.346459+00:00" hostname="agent-env-344487a3-0336-4c27-86c3-006bc7b92728"><testcase classname="backend.tests.test_community_avatar.TestCommunityAvatarFeature" name="test_list_communities_returns_avatar_url_field" time="0.555" /><testcase classname="backend.tests.test_community_avatar.TestCommunityAvatarFeature" name="test_admin_upload_community_avatar_success" time="0.387" /><testcase classname="backend.tests.test_community_avatar.TestCommunityAvatarFeature" name="test_admin_upload_community_avatar_invalid_base64" time="0.270" /><testcase classname="backend.tests.test_community_avatar.TestCommunityAvatarFeature" name="test_admin_upload_community_avatar_not_found" time="0.122" /><testcase classname="backend.tests.test_community_avatar.TestCommunityAvatarFeature" name="test_non_admin_cannot_upload_community_avatar" time="0.599" /><testcase classname="backend.tests.test_community_avatar.TestCommunityAvatarFeature" name="test_unauthenticated_cannot_upload_community_avatar" time="0.304" /><testcase classname="backend.tests.test_community_avatar.TestCommunityAvatarFeature" name="test_get_community_by_id_includes_avatar_url" time="0.271" /><testcase classname="backend.tests.test_community_avatar.TestCommunityAvatarFeature" name="test_admin_list_communities_includes_avatar_url" time="0.184" /><testcase classname="backend.tests.test_community_avatar.TestCommunityMeAvatarUrl" name="test_get_my_community_includes_avatar_url_when_member" time="0.111"><skipped type="pytest.skip" message="Admin is not in any community">/app/backend/tests/test_community_avatar.py:299: Admin is not in any community</skipped></testcase><testcase classname="backend.tests.test_community_avatar.TestRegressionTests" name="test_regression_login_works" time="0.337" /><testcase classname="backend.tests.test_community_avatar.TestRegressionTests" name="test_regression_get_problems_works" time="0.114" /><testcase classname="backend.tests.test_community_avatar.TestRegressionTests" name="test_regression_profile_update_works" time="0.571" /><testcase classname="backend.tests.test_community_avatar.TestKnownCommunityWithAvatar" name="test_known_community_has_avatar_url" time="0.109" /></testsuite></testsuites>