<?xml version="1.0" encoding="utf-8"?><testsuites name="pytest tests"><testsuite name="pytest" errors="0" failures="0" skipped="0" tests="12" time="5.845" timestamp="2026-03-31T11:33:46.875444+00:00" hostname="agent-env-96bb55d3-ac6f-4a9f-9e0b-a491aa89ee08"><testcase classname="backend.tests.test_frikt_detail_fields.TestHealthEndpoint" name="test_health_returns_healthy_status" time="0.201" /><testcase classname="backend.tests.test_frikt_detail_fields.TestAuthEndpoints" name="test_register_returns_token_and_user" time="0.352" /><testcase classname="backend.tests.test_frikt_detail_fields.TestAuthEndpoints" name="test_login_returns_token_and_user" time="0.352" /><testcase classname="backend.tests.test_frikt_detail_fields.TestFriktCreationWithDetailFields" name="test_create_frikt_with_all_detail_fields" time="0.437" /><testcase classname="backend.tests.test_frikt_detail_fields.TestFriktCreationWithDetailFields" name="test_create_frikt_with_partial_detail_fields" time="0.471" /><testcase classname="backend.tests.test_frikt_detail_fields.TestFriktCreationWithDetailFields" name="test_create_frikt_without_detail_fields" time="0.434" /><testcase classname="backend.tests.test_frikt_detail_fields.TestFriktUpdateWithDetailFields" name="test_patch_frikt_add_detail_fields" time="0.566" /><testcase classname="backend.tests.test_frikt_detail_fields.TestFriktUpdateWithDetailFields" name="test_patch_frikt_update_single_detail_field" time="0.633" /><testcase classname="backend.tests.test_frikt_detail_fields.TestFriktUpdateWithDetailFields" name="test_patch_frikt_update_title_and_detail_fields" time="0.532" /><testcase classname="backend.tests.test_frikt_detail_fields.TestFriktGetWithDetailFields" name="test_get_frikt_returns_detail_fields" time="0.594" /><testcase classname="backend.tests.test_frikt_detail_fields.TestFriktGetWithDetailFields" name="test_get_frikt_without_details_returns_null" time="0.548" /><testcase classname="backend.tests.test_frikt_detail_fields.TestFriktDetailFieldsPersistence" name="test_detail_fields_persist_after_patch" time="0.639" /></testsuite></testsuites>