<?xml version="1.0" encoding="utf-8"?><testsuites name="pytest tests"><testsuite name="pytest" errors="0" failures="0" skipped="0" tests="10" time="7.891" timestamp="2026-02-20T18:59:46.332088+00:00" hostname="agent-env-04790e23-e4a4-4906-a1e7-8ebd0a893170"><testcase classname="backend.tests.test_delete_account.TestDeleteAccountFeature" name="test_delete_account_requires_auth" time="0.371" /><testcase classname="backend.tests.test_delete_account.TestDeleteAccountFeature" name="test_delete_account_success" time="0.449" /><testcase classname="backend.tests.test_delete_account.TestDeleteAccountFeature" name="test_token_invalidated_after_deletion" time="1.072" /><testcase classname="backend.tests.test_delete_account.TestDeleteAccountFeature" name="test_user_problems_deleted_with_account" time="0.600" /><testcase classname="backend.tests.test_delete_account.TestDeleteAccountFeature" name="test_user_comments_deleted_with_account" time="1.207" /><testcase classname="backend.tests.test_delete_account.TestDeleteAccountFeature" name="test_user_relates_deleted_with_account" time="1.031" /><testcase classname="backend.tests.test_delete_account.TestDeleteAccountFeature" name="test_user_notifications_deleted_with_account" time="0.568" /><testcase classname="backend.tests.test_delete_account.TestDeleteAccountFeature" name="test_user_blocked_records_deleted_with_account" time="1.194" /><testcase classname="backend.tests.test_delete_account.TestDeleteAccountFeature" name="test_cannot_login_after_account_deletion" time="0.536" /><testcase classname="backend.tests.test_delete_account.TestExistingUserAccountDeletion" name="test_existing_user_can_delete_account" time="0.727" /></testsuite></testsuites>