<?xml version="1.0" encoding="utf-8"?><testsuites name="pytest tests"><testsuite name="pytest" errors="0" failures="0" skipped="0" tests="17" time="12.855" timestamp="2026-03-31T12:18:57.630880+00:00" hostname="agent-env-96bb55d3-ac6f-4a9f-9e0b-a491aa89ee08"><testcase classname="backend.tests.test_security_fixes.TestFix1BannedUserCheck" name="test_banned_user_gets_403_on_auth_me" time="0.723" /><testcase classname="backend.tests.test_security_fixes.TestFix1BannedUserCheck" name="test_shadowbanned_user_can_still_use_api" time="0.571" /><testcase classname="backend.tests.test_security_fixes.TestFix2PasswordResetBruteForce" name="test_forgot_password_creates_token_with_attempts_zero" time="0.509" /><testcase classname="backend.tests.test_security_fixes.TestFix2PasswordResetBruteForce" name="test_verify_reset_code_wrong_code_increments_attempts" time="0.548" /><testcase classname="backend.tests.test_security_fixes.TestFix2PasswordResetBruteForce" name="test_after_5_wrong_attempts_correct_code_returns_invalid" time="1.106" /><testcase classname="backend.tests.test_security_fixes.TestFix2PasswordResetBruteForce" name="test_rate_limit_3_requests_per_email_per_hour" time="0.791" /><testcase classname="backend.tests.test_security_fixes.TestFix3AccountDeletionPreservesContent" name="test_delete_account_anonymizes_frikt" time="0.557" /><testcase classname="backend.tests.test_security_fixes.TestFix3AccountDeletionPreservesContent" name="test_delete_account_anonymizes_comment" time="1.062" /><testcase classname="backend.tests.test_security_fixes.TestFix3AccountDeletionPreservesContent" name="test_delete_account_removes_user_document" time="0.434" /><testcase classname="backend.tests.test_security_fixes.TestFix4AdminEndpointsRequireAdmin" name="test_non_admin_user_gets_403_on_admin_reports" time="0.942" /><testcase classname="backend.tests.test_security_fixes.TestFix4AdminEndpointsRequireAdmin" name="test_admin_user_can_access_admin_reports" time="0.452" /><testcase classname="backend.tests.test_security_fixes.TestFix5ShadowbanContentFiltering" name="test_shadowbanned_user_frikt_not_in_feed_for_others" time="1.424" /><testcase classname="backend.tests.test_security_fixes.TestFix5ShadowbanContentFiltering" name="test_shadowbanned_user_can_see_own_frikt" time="0.998" /><testcase classname="backend.tests.test_security_fixes.TestFix5ShadowbanContentFiltering" name="test_shadowbanned_user_comments_hidden_from_others" time="1.591" /><testcase classname="backend.tests.test_security_fixes.TestBasicHealthChecks" name="test_health_endpoint" time="0.096" /><testcase classname="backend.tests.test_security_fixes.TestBasicHealthChecks" name="test_login_works" time="0.328" /><testcase classname="backend.tests.test_security_fixes.TestBasicHealthChecks" name="test_register_works" time="0.547" /></testsuite></testsuites>