<?xml version="1.0" encoding="utf-8"?><testsuites name="pytest tests"><testsuite name="pytest" errors="0" failures="0" skipped="0" tests="23" time="10.848" timestamp="2026-02-17T10:52:26.068335+00:00" hostname="agent-env-6c0e4853-c94c-44dc-bb42-ef41260d8145"><testcase classname="backend.tests.test_ugc_compliance_api.TestChangePassword" name="test_change_password_requires_auth" time="0.291" /><testcase classname="backend.tests.test_ugc_compliance_api.TestChangePassword" name="test_change_password_wrong_current_password" time="0.684" /><testcase classname="backend.tests.test_ugc_compliance_api.TestChangePassword" name="test_change_password_short_new_password" time="0.715" /><testcase classname="backend.tests.test_ugc_compliance_api.TestChangePassword" name="test_change_password_success" time="1.538" /><testcase classname="backend.tests.test_ugc_compliance_api.TestBlockedUsers" name="test_get_blocked_users_requires_auth" time="0.104" /><testcase classname="backend.tests.test_ugc_compliance_api.TestBlockedUsers" name="test_get_blocked_users_success" time="0.443" /><testcase classname="backend.tests.test_ugc_compliance_api.TestBlockUnblockUser" name="test_block_user_requires_auth" time="0.203" /><testcase classname="backend.tests.test_ugc_compliance_api.TestBlockUnblockUser" name="test_block_user_not_found" time="0.442" /><testcase classname="backend.tests.test_ugc_compliance_api.TestBlockUnblockUser" name="test_block_self_fails" time="0.463" /><testcase classname="backend.tests.test_ugc_compliance_api.TestBlockUnblockUser" name="test_block_and_unblock_flow" time="0.816" /><testcase classname="backend.tests.test_ugc_compliance_api.TestBlockUnblockUser" name="test_unblock_not_blocked_user" time="0.480" /><testcase classname="backend.tests.test_ugc_compliance_api.TestReportUser" name="test_report_user_requires_auth" time="0.098" /><testcase classname="backend.tests.test_ugc_compliance_api.TestReportUser" name="test_report_user_not_found" time="0.375" /><testcase classname="backend.tests.test_ugc_compliance_api.TestReportUser" name="test_report_self_fails" time="0.430" /><testcase classname="backend.tests.test_ugc_compliance_api.TestReportUser" name="test_report_user_invalid_reason" time="0.527" /><testcase classname="backend.tests.test_ugc_compliance_api.TestReportUser" name="test_report_user_success" time="0.505" /><testcase classname="backend.tests.test_ugc_compliance_api.TestMyPosts" name="test_get_my_posts_requires_auth" time="0.128" /><testcase classname="backend.tests.test_ugc_compliance_api.TestMyPosts" name="test_get_my_posts_success" time="0.398" /><testcase classname="backend.tests.test_ugc_compliance_api.TestFeedFiltering" name="test_feed_accessible_without_auth" time="0.131" /><testcase classname="backend.tests.test_ugc_compliance_api.TestFeedFiltering" name="test_feed_accessible_with_auth" time="0.434" /><testcase classname="backend.tests.test_ugc_compliance_api.TestFeedFiltering" name="test_comments_endpoint_with_auth" time="0.449" /><testcase classname="backend.tests.test_ugc_compliance_api.TestFeedFiltering" name="test_user_search_with_auth" time="0.555" /><testcase classname="backend.tests.test_ugc_compliance_api.TestOtherUsersRoutes" name="test_users_me_saved_works" time="0.398" /></testsuite></testsuites>