<?xml version="1.0" encoding="utf-8"?><testsuites name="pytest tests"><testsuite name="pytest" errors="0" failures="0" skipped="0" tests="12" time="0.861" timestamp="2026-02-14T21:22:40.181748+00:00" hostname="agent-env-6cb17959-d63c-4d85-97fc-7b8709ca2a23"><testcase classname="backend.tests.test_user_search_api.TestUserSearchAPI" name="test_user_search_with_valid_query" time="0.010" /><testcase classname="backend.tests.test_user_search_api.TestUserSearchAPI" name="test_user_search_short_query_returns_empty" time="0.002" /><testcase classname="backend.tests.test_user_search_api.TestUserSearchAPI" name="test_user_search_empty_query_returns_empty" time="0.002" /><testcase classname="backend.tests.test_user_search_api.TestUserSearchAPI" name="test_user_search_limit_parameter" time="0.003" /><testcase classname="backend.tests.test_user_search_api.TestUserProfileAPI" name="test_user_profile_exists" time="0.051" /><testcase classname="backend.tests.test_user_search_api.TestUserProfileAPI" name="test_user_profile_not_found" time="0.003" /><testcase classname="backend.tests.test_user_search_api.TestUserPostsAPI" name="test_user_posts_endpoint" time="0.046" /><testcase classname="backend.tests.test_user_search_api.TestCommentAPI" name="test_comment_creation_requires_auth" time="0.260" /><testcase classname="backend.tests.test_user_search_api.TestCommentAPI" name="test_comment_creation_with_auth" time="0.339" /><testcase classname="backend.tests.test_user_search_api.TestHealthAPI" name="test_health_endpoint" time="0.002" /><testcase classname="backend.tests.test_user_search_api.TestHealthAPI" name="test_categories_endpoint" time="0.002" /><testcase classname="backend.tests.test_user_search_api.TestProblemsSearchAPI" name="test_problems_search" time="0.003" /></testsuite></testsuites>