<?xml version="1.0" encoding="utf-8"?><testsuites name="pytest tests"><testsuite name="pytest" errors="0" failures="0" skipped="0" tests="33" time="54.746" timestamp="2026-03-22T11:07:39.517508+00:00" hostname="agent-env-3f11c33f-2d69-4074-a600-9362d249675e"><testcase classname="backend.tests.test_community_api.TestAdminCommunityManagement" name="test_admin_create_community" time="0.594" /><testcase classname="backend.tests.test_community_api.TestAdminCommunityManagement" name="test_admin_create_community_duplicate_code" time="0.527" /><testcase classname="backend.tests.test_community_api.TestAdminCommunityManagement" name="test_admin_list_communities" time="0.418" /><testcase classname="backend.tests.test_community_api.TestAdminCommunityManagement" name="test_admin_update_community_code" time="0.540" /><testcase classname="backend.tests.test_community_api.TestAdminCommunityManagement" name="test_admin_get_community_requests" time="0.414" /><testcase classname="backend.tests.test_community_api.TestAdminCommunityManagement" name="test_admin_get_join_requests" time="0.528" /><testcase classname="backend.tests.test_community_api.TestAdminCommunityManagement" name="test_admin_export_community_data" time="0.529" /><testcase classname="backend.tests.test_community_api.TestUserCommunityOperations" name="test_join_community_with_code" time="0.658" /><testcase classname="backend.tests.test_community_api.TestUserCommunityOperations" name="test_join_community_already_member_same" time="0.741" /><testcase classname="backend.tests.test_community_api.TestUserCommunityOperations" name="test_join_community_already_member_different" time="0.865" /><testcase classname="backend.tests.test_community_api.TestUserCommunityOperations" name="test_switch_community" time="0.803" /><testcase classname="backend.tests.test_community_api.TestUserCommunityOperations" name="test_leave_community" time="0.875" /><testcase classname="backend.tests.test_community_api.TestUserCommunityOperations" name="test_leave_community_not_member" time="0.610" /><testcase classname="backend.tests.test_community_api.TestCommunityListing" name="test_list_communities" time="0.421" /><testcase classname="backend.tests.test_community_api.TestCommunityListing" name="test_list_communities_with_search" time="0.424" /><testcase classname="backend.tests.test_community_api.TestCommunityListing" name="test_get_my_community" time="0.446" /><testcase classname="backend.tests.test_community_api.TestCommunityListing" name="test_get_specific_community" time="0.518" /><testcase classname="backend.tests.test_community_api.TestCommunityListing" name="test_get_nonexistent_community" time="0.401" /><testcase classname="backend.tests.test_community_api.TestCommunityRequests" name="test_submit_community_request" time="0.427" /><testcase classname="backend.tests.test_community_api.TestCommunityRequests" name="test_request_join_community" time="0.637" /><testcase classname="backend.tests.test_community_api.TestLocalFriktPosting" name="test_create_local_frikt_with_community" time="0.716" /><testcase classname="backend.tests.test_community_api.TestLocalFriktPosting" name="test_create_local_frikt_without_community" time="0.894" /><testcase classname="backend.tests.test_community_api.TestLocalFriktPosting" name="test_global_feed_excludes_local_frikts" time="26.729" /><testcase classname="backend.tests.test_community_api.TestLocalFriktPosting" name="test_local_feed_returns_community_frikts" time="0.828" /><testcase classname="backend.tests.test_community_api.TestLocalFriktPosting" name="test_local_feed_sort_by_new" time="0.715" /><testcase classname="backend.tests.test_community_api.TestLocalFriktPosting" name="test_local_feed_sort_by_top" time="0.702" /><testcase classname="backend.tests.test_community_api.TestLocalFriktPosting" name="test_local_feed_requires_community_id" time="7.913" /><testcase classname="backend.tests.test_community_api.TestLocalFriktRelate" name="test_relate_to_local_frikt_as_member" time="0.822" /><testcase classname="backend.tests.test_community_api.TestSimilarProblems" name="test_similar_problems_global" time="0.414" /><testcase classname="backend.tests.test_community_api.TestSimilarProblems" name="test_similar_problems_local_context" time="0.522" /><testcase classname="backend.tests.test_community_api.TestAdminJoinRequestUpdate" name="test_update_join_request_status" time="2.191" /><testcase classname="backend.tests.test_community_api.TestInvalidCodeHandling" name="test_join_with_invalid_code" time="0.403" /><testcase classname="backend.tests.test_community_api.TestInvalidCodeHandling" name="test_switch_with_invalid_code" time="0.410" /></testsuite></testsuites>